# JRE version: OpenJDK Runtime Environment (8.0_152-b02) (build 1.8.0_152-release-1024-b02)
# Java VM: OpenJDK 64-Bit Server VM (25.152-b02 mixed mode windows-amd64 compressed oops)
Heap:
 PSYoungGen      total 180224K, used 64395K [0x00000000e0000000, 0x00000000ed800000, 0x0000000100000000)
  eden space 157696K, 26% used [0x00000000e0000000,0x00000000e28eac50,0x00000000e9a00000)
  from space 22528K, 99% used [0x00000000eb780000,0x00000000ecd78300,0x00000000ecd80000)
  to   space 30208K, 0% used [0x00000000e9a00000,0x00000000e9a00000,0x00000000eb780000)
 ParOldGen       total 88064K, used 49722K [0x00000000a0000000, 0x00000000a5600000, 0x00000000e0000000)
  object space 88064K, 56% used [0x00000000a0000000,0x00000000a308e8b0,0x00000000a5600000)
 Metaspace       used 70382K, capacity 72307K, committed 72596K, reserved 1112064K
  class space    used 9153K, capacity 9621K, committed 9660K, reserved 1048576K
GC Heap History (10 events):
Event: 19.655 GC heap before
{Heap before GC invocations=15 (full 2):
 PSYoungGen      total 147968K, used 57853K [0x00000000e0000000, 0x00000000ead00000, 0x0000000100000000)
  eden space 133632K, 32% used [0x00000000e0000000,0x00000000e2a81f98,0x00000000e8280000)
  from space 14336K, 99% used [0x00000000e9500000,0x00000000ea2fd500,0x00000000ea300000)
  to   space 18944K, 0% used [0x00000000e8280000,0x00000000e8280000,0x00000000e9500000)
 ParOldGen       total 88064K, used 28438K [0x00000000a0000000, 0x00000000a5600000, 0x00000000e0000000)
  object space 88064K, 32% used [0x00000000a0000000,0x00000000a1bc59e0,0x00000000a5600000)
 Metaspace       used 57194K, capacity 58939K, committed 59028K, reserved 1099776K
  class space    used 7858K, capacity 8331K, committed 8380K, reserved 1048576K
Event: 19.739 GC heap after
Heap after GC invocations=15 (full 2):
 PSYoungGen      total 152576K, used 16854K [0x00000000e0000000, 0x00000000ead00000, 0x0000000100000000)
  eden space 133632K, 0% used [0x00000000e0000000,0x00000000e0000000,0x00000000e8280000)
  from space 18944K, 88% used [0x00000000e8280000,0x00000000e92f5ad8,0x00000000e9500000)
  to   space 14336K, 0% used [0x00000000e9500000,0x00000000e9500000,0x00000000ea300000)
 ParOldGen       total 88064K, used 31762K [0x00000000a0000000, 0x00000000a5600000, 0x00000000e0000000)
  object space 88064K, 36% used [0x00000000a0000000,0x00000000a1f048c8,0x00000000a5600000)
 Metaspace       used 57194K, capacity 58939K, committed 59028K, reserved 1099776K
  class space    used 7858K, capacity 8331K, committed 8380K, reserved 1048576K
}
Event: 19.739 GC heap before
{Heap before GC invocations=16 (full 3):
 PSYoungGen      total 152576K, used 16854K [0x00000000e0000000, 0x00000000ead00000, 0x0000000100000000)
  eden space 133632K, 0% used [0x00000000e0000000,0x00000000e0000000,0x00000000e8280000)
  from space 18944K, 88% used [0x00000000e8280000,0x00000000e92f5ad8,0x00000000e9500000)
  to   space 14336K, 0% used [0x00000000e9500000,0x00000000e9500000,0x00000000ea300000)
 ParOldGen       total 88064K, used 31762K [0x00000000a0000000, 0x00000000a5600000, 0x00000000e0000000)
  object space 88064K, 36% used [0x00000000a0000000,0x00000000a1f048c8,0x00000000a5600000)
 Metaspace       used 57194K, capacity 58939K, committed 59028K, reserved 1099776K
  class space    used 7858K, capacity 8331K, committed 8380K, reserved 1048576K
Event: 20.074 GC heap after
Heap after GC invocations=16 (full 3):
 PSYoungGen      total 152576K, used 0K [0x00000000e0000000, 0x00000000ead00000, 0x0000000100000000)
  eden space 133632K, 0% used [0x00000000e0000000,0x00000000e0000000,0x00000000e8280000)
  from space 18944K, 0% used [0x00000000e8280000,0x00000000e8280000,0x00000000e9500000)
  to   space 14336K, 0% used [0x00000000e9500000,0x00000000e9500000,0x00000000ea300000)
 ParOldGen       total 88064K, used 37371K [0x00000000a0000000, 0x00000000a5600000, 0x00000000e0000000)
  object space 88064K, 42% used [0x00000000a0000000,0x00000000a247ec88,0x00000000a5600000)
 Metaspace       used 57194K, capacity 58939K, committed 59028K, reserved 1099776K
  class space    used 7858K, capacity 8331K, committed 8380K, reserved 1048576K
}
Event: 25.288 GC heap before
{Heap before GC invocations=17 (full 3):
 PSYoungGen      total 152576K, used 133632K [0x00000000e0000000, 0x00000000ead00000, 0x0000000100000000)
  eden space 133632K, 100% used [0x00000000e0000000,0x00000000e8280000,0x00000000e8280000)
  from space 18944K, 0% used [0x00000000e8280000,0x00000000e8280000,0x00000000e9500000)
  to   space 14336K, 0% used [0x00000000e9500000,0x00000000e9500000,0x00000000ea300000)
 ParOldGen       total 88064K, used 37371K [0x00000000a0000000, 0x00000000a5600000, 0x00000000e0000000)
  object space 88064K, 42% used [0x00000000a0000000,0x00000000a247ec88,0x00000000a5600000)
 Metaspace       used 60460K, capacity 62231K, committed 62484K, reserved 1103872K
  class space    used 8251K, capacity 8669K, committed 8764K, reserved 1048576K
Event: 25.303 GC heap after
Heap after GC invocations=17 (full 3):
 PSYoungGen      total 146944K, used 10462K [0x00000000e0000000, 0x00000000ecf00000, 0x0000000100000000)
  eden space 132608K, 0% used [0x00000000e0000000,0x00000000e0000000,0x00000000e8180000)
  from space 14336K, 72% used [0x00000000e9500000,0x00000000e9f37920,0x00000000ea300000)
  to   space 19968K, 0% used [0x00000000e8180000,0x00000000e8180000,0x00000000e9500000)
 ParOldGen       total 88064K, used 37379K [0x00000000a0000000, 0x00000000a5600000, 0x00000000e0000000)
  object space 88064K, 42% used [0x00000000a0000000,0x00000000a2480c88,0x00000000a5600000)
 Metaspace       used 60460K, capacity 62231K, committed 62484K, reserved 1103872K
  class space    used 8251K, capacity 8669K, committed 8764K, reserved 1048576K
}
Event: 34.023 GC heap before
{Heap before GC invocations=18 (full 3):
 PSYoungGen      total 146944K, used 143070K [0x00000000e0000000, 0x00000000ecf00000, 0x0000000100000000)
  eden space 132608K, 100% used [0x00000000e0000000,0x00000000e8180000,0x00000000e8180000)
  from space 14336K, 72% used [0x00000000e9500000,0x00000000e9f37920,0x00000000ea300000)
  to   space 19968K, 0% used [0x00000000e8180000,0x00000000e8180000,0x00000000e9500000)
 ParOldGen       total 88064K, used 37379K [0x00000000a0000000, 0x00000000a5600000, 0x00000000e0000000)
  object space 88064K, 42% used [0x00000000a0000000,0x00000000a2480c88,0x00000000a5600000)
 Metaspace       used 67060K, capacity 68917K, committed 69268K, reserved 1110016K
  class space    used 8946K, capacity 9378K, committed 9404K, reserved 1048576K
Event: 34.042 GC heap after
Heap after GC invocations=18 (full 3):
 PSYoungGen      total 152576K, used 19387K [0x00000000e0000000, 0x00000000ecd80000, 0x0000000100000000)
  eden space 132608K, 0% used [0x00000000e0000000,0x00000000e0000000,0x00000000e8180000)
  from space 19968K, 97% used [0x00000000e8180000,0x00000000e946ef28,0x00000000e9500000)
  to   space 22528K, 0% used [0x00000000eb780000,0x00000000eb780000,0x00000000ecd80000)
 ParOldGen       total 88064K, used 37387K [0x00000000a0000000, 0x00000000a5600000, 0x00000000e0000000)
  object space 88064K, 42% used [0x00000000a0000000,0x00000000a2482c88,0x00000000a5600000)
 Metaspace       used 67060K, capacity 68917K, committed 69268K, reserved 1110016K
  class space    used 8946K, capacity 9378K, committed 9404K, reserved 1048576K
}
Event: 70.508 GC heap before
{Heap before GC invocations=19 (full 3):
 PSYoungGen      total 152576K, used 151995K [0x00000000e0000000, 0x00000000ecd80000, 0x0000000100000000)
  eden space 132608K, 100% used [0x00000000e0000000,0x00000000e8180000,0x00000000e8180000)
  from space 19968K, 97% used [0x00000000e8180000,0x00000000e946ef28,0x00000000e9500000)
  to   space 22528K, 0% used [0x00000000eb780000,0x00000000eb780000,0x00000000ecd80000)
 ParOldGen       total 88064K, used 37387K [0x00000000a0000000, 0x00000000a5600000, 0x00000000e0000000)
  object space 88064K, 42% used [0x00000000a0000000,0x00000000a2482c88,0x00000000a5600000)
 Metaspace       used 70216K, capacity 72179K, committed 72340K, reserved 1112064K
  class space    used 9152K, capacity 9621K, committed 9660K, reserved 1048576K
Event: 70.598 GC heap after
Heap after GC invocations=19 (full 3):
 PSYoungGen      total 180224K, used 22496K [0x00000000e0000000, 0x00000000ed800000, 0x0000000100000000)
  eden space 157696K, 0% used [0x00000000e0000000,0x00000000e0000000,0x00000000e9a00000)
  from space 22528K, 99% used [0x00000000eb780000,0x00000000ecd78300,0x00000000ecd80000)
  to   space 30208K, 0% used [0x00000000e9a00000,0x00000000e9a00000,0x00000000eb780000)
 ParOldGen       total 88064K, used 49722K [0x00000000a0000000, 0x00000000a5600000, 0x00000000e0000000)
  object space 88064K, 56% used [0x00000000a0000000,0x00000000a308e8b0,0x00000000a5600000)
 Metaspace       used 70216K, capacity 72179K, committed 72340K, reserved 1112064K
  class space    used 9152K, capacity 9621K, committed 9660K, reserved 1048576K
}

