# JRE version: OpenJDK Runtime Environment (8.0_152-b02) (build 1.8.0_152-release-1024-b02)
# Java VM: OpenJDK 64-Bit Server VM (25.152-b02 mixed mode windows-amd64 compressed oops)
Heap:
 PSYoungGen      total 206848K, used 82182K [0x00000000e0000000, 0x00000000f1880000, 0x0000000100000000)
  eden space 174080K, 28% used [0x00000000e0000000,0x00000000e3043370,0x00000000eaa00000)
  from space 32768K, 99% used [0x00000000eaa00000,0x00000000ec9fe790,0x00000000eca00000)
  to   space 45056K, 0% used [0x00000000eec80000,0x00000000eec80000,0x00000000f1880000)
 ParOldGen       total 156160K, used 68437K [0x00000000a0000000, 0x00000000a9880000, 0x00000000e0000000)
  object space 156160K, 43% used [0x00000000a0000000,0x00000000a42d5748,0x00000000a9880000)
 Metaspace       used 66955K, capacity 68915K, committed 68952K, reserved 1110016K
  class space    used 8850K, capacity 9343K, committed 9344K, reserved 1048576K
GC Heap History (10 events):
Event: 15.320 GC heap before
{Heap before GC invocations=16 (full 2):
 PSYoungGen      total 132608K, used 57318K [0x00000000e0000000, 0x00000000eb880000, 0x0000000100000000)
  eden space 114688K, 34% used [0x00000000e0000000,0x00000000e267c328,0x00000000e7000000)
  from space 17920K, 99% used [0x00000000e7000000,0x00000000e817d540,0x00000000e8180000)
  to   space 23040K, 0% used [0x00000000ea200000,0x00000000ea200000,0x00000000eb880000)
 ParOldGen       total 96768K, used 33549K [0x00000000a0000000, 0x00000000a5e80000, 0x00000000e0000000)
  object space 96768K, 34% used [0x00000000a0000000,0x00000000a20c3548,0x00000000a5e80000)
 Metaspace       used 57165K, capacity 58821K, committed 58968K, reserved 1099776K
  class space    used 7817K, capacity 8222K, committed 8320K, reserved 1048576K
Event: 15.349 GC heap after
Heap after GC invocations=16 (full 2):
 PSYoungGen      total 166400K, used 13024K [0x00000000e0000000, 0x00000000ebc80000, 0x0000000100000000)
  eden space 143360K, 0% used [0x00000000e0000000,0x00000000e0000000,0x00000000e8c00000)
  from space 23040K, 56% used [0x00000000ea200000,0x00000000eaeb8248,0x00000000eb880000)
  to   space 22528K, 0% used [0x00000000e8c00000,0x00000000e8c00000,0x00000000ea200000)
 ParOldGen       total 96768K, used 41052K [0x00000000a0000000, 0x00000000a5e80000, 0x00000000e0000000)
  object space 96768K, 42% used [0x00000000a0000000,0x00000000a28170d0,0x00000000a5e80000)
 Metaspace       used 57165K, capacity 58821K, committed 58968K, reserved 1099776K
  class space    used 7817K, capacity 8222K, committed 8320K, reserved 1048576K
}
Event: 15.349 GC heap before
{Heap before GC invocations=17 (full 3):
 PSYoungGen      total 166400K, used 13024K [0x00000000e0000000, 0x00000000ebc80000, 0x0000000100000000)
  eden space 143360K, 0% used [0x00000000e0000000,0x00000000e0000000,0x00000000e8c00000)
  from space 23040K, 56% used [0x00000000ea200000,0x00000000eaeb8248,0x00000000eb880000)
  to   space 22528K, 0% used [0x00000000e8c00000,0x00000000e8c00000,0x00000000ea200000)
 ParOldGen       total 96768K, used 41052K [0x00000000a0000000, 0x00000000a5e80000, 0x00000000e0000000)
  object space 96768K, 42% used [0x00000000a0000000,0x00000000a28170d0,0x00000000a5e80000)
 Metaspace       used 57165K, capacity 58821K, committed 58968K, reserved 1099776K
  class space    used 7817K, capacity 8222K, committed 8320K, reserved 1048576K
Event: 15.726 GC heap after
Heap after GC invocations=17 (full 3):
 PSYoungGen      total 166400K, used 0K [0x00000000e0000000, 0x00000000ebc80000, 0x0000000100000000)
  eden space 143360K, 0% used [0x00000000e0000000,0x00000000e0000000,0x00000000e8c00000)
  from space 23040K, 0% used [0x00000000ea200000,0x00000000ea200000,0x00000000eb880000)
  to   space 22528K, 0% used [0x00000000e8c00000,0x00000000e8c00000,0x00000000ea200000)
 ParOldGen       total 156160K, used 42249K [0x00000000a0000000, 0x00000000a9880000, 0x00000000e0000000)
  object space 156160K, 27% used [0x00000000a0000000,0x00000000a29424c0,0x00000000a9880000)
 Metaspace       used 57165K, capacity 58821K, committed 58968K, reserved 1099776K
  class space    used 7817K, capacity 8222K, committed 8320K, reserved 1048576K
}
Event: 22.284 GC heap before
{Heap before GC invocations=18 (full 3):
 PSYoungGen      total 166400K, used 143360K [0x00000000e0000000, 0x00000000ebc80000, 0x0000000100000000)
  eden space 143360K, 100% used [0x00000000e0000000,0x00000000e8c00000,0x00000000e8c00000)
  from space 23040K, 0% used [0x00000000ea200000,0x00000000ea200000,0x00000000eb880000)
  to   space 22528K, 0% used [0x00000000e8c00000,0x00000000e8c00000,0x00000000ea200000)
 ParOldGen       total 156160K, used 42249K [0x00000000a0000000, 0x00000000a9880000, 0x00000000e0000000)
  object space 156160K, 27% used [0x00000000a0000000,0x00000000a29424c0,0x00000000a9880000)
 Metaspace       used 63559K, capacity 65273K, committed 65496K, reserved 1105920K
  class space    used 8470K, capacity 8902K, committed 8960K, reserved 1048576K
Event: 22.413 GC heap after
Heap after GC invocations=18 (full 3):
 PSYoungGen      total 165888K, used 22523K [0x00000000e0000000, 0x00000000ee600000, 0x0000000100000000)
  eden space 143360K, 0% used [0x00000000e0000000,0x00000000e0000000,0x00000000e8c00000)
  from space 22528K, 99% used [0x00000000e8c00000,0x00000000ea1fecb0,0x00000000ea200000)
  to   space 28160K, 0% used [0x00000000eca80000,0x00000000eca80000,0x00000000ee600000)
 ParOldGen       total 156160K, used 48279K [0x00000000a0000000, 0x00000000a9880000, 0x00000000e0000000)
  object space 156160K, 30% used [0x00000000a0000000,0x00000000a2f25fe0,0x00000000a9880000)
 Metaspace       used 63559K, capacity 65273K, committed 65496K, reserved 1105920K
  class space    used 8470K, capacity 8902K, committed 8960K, reserved 1048576K
}
Event: 33.065 GC heap before
{Heap before GC invocations=19 (full 3):
 PSYoungGen      total 165888K, used 165883K [0x00000000e0000000, 0x00000000ee600000, 0x0000000100000000)
  eden space 143360K, 100% used [0x00000000e0000000,0x00000000e8c00000,0x00000000e8c00000)
  from space 22528K, 99% used [0x00000000e8c00000,0x00000000ea1fecb0,0x00000000ea200000)
  to   space 28160K, 0% used [0x00000000eca80000,0x00000000eca80000,0x00000000ee600000)
 ParOldGen       total 156160K, used 48279K [0x00000000a0000000, 0x00000000a9880000, 0x00000000e0000000)
  object space 156160K, 30% used [0x00000000a0000000,0x00000000a2f25fe0,0x00000000a9880000)
 Metaspace       used 65820K, capacity 67675K, committed 67800K, reserved 1107968K
  class space    used 8699K, capacity 9181K, committed 9216K, reserved 1048576K
Event: 33.101 GC heap after
Heap after GC invocations=19 (full 3):
 PSYoungGen      total 202240K, used 28128K [0x00000000e0000000, 0x00000000eea00000, 0x0000000100000000)
  eden space 174080K, 0% used [0x00000000e0000000,0x00000000e0000000,0x00000000eaa00000)
  from space 28160K, 99% used [0x00000000eca80000,0x00000000ee5f8258,0x00000000ee600000)
  to   space 32768K, 0% used [0x00000000eaa00000,0x00000000eaa00000,0x00000000eca00000)
 ParOldGen       total 156160K, used 49852K [0x00000000a0000000, 0x00000000a9880000, 0x00000000e0000000)
  object space 156160K, 31% used [0x00000000a0000000,0x00000000a30af338,0x00000000a9880000)
 Metaspace       used 65820K, capacity 67675K, committed 67800K, reserved 1107968K
  class space    used 8699K, capacity 9181K, committed 9216K, reserved 1048576K
}
Event: 39.689 GC heap before
{Heap before GC invocations=20 (full 3):
 PSYoungGen      total 202240K, used 202208K [0x00000000e0000000, 0x00000000eea00000, 0x0000000100000000)
  eden space 174080K, 100% used [0x00000000e0000000,0x00000000eaa00000,0x00000000eaa00000)
  from space 28160K, 99% used [0x00000000eca80000,0x00000000ee5f8258,0x00000000ee600000)
  to   space 32768K, 0% used [0x00000000eaa00000,0x00000000eaa00000,0x00000000eca00000)
 ParOldGen       total 156160K, used 49852K [0x00000000a0000000, 0x00000000a9880000, 0x00000000e0000000)
  object space 156160K, 31% used [0x00000000a0000000,0x00000000a30af338,0x00000000a9880000)
 Metaspace       used 66150K, capacity 68061K, committed 68184K, reserved 1107968K
  class space    used 8740K, capacity 9224K, committed 9344K, reserved 1048576K
Event: 39.749 GC heap after
Heap after GC invocations=20 (full 3):
 PSYoungGen      total 206848K, used 32761K [0x00000000e0000000, 0x00000000f1880000, 0x0000000100000000)
  eden space 174080K, 0% used [0x00000000e0000000,0x00000000e0000000,0x00000000eaa00000)
  from space 32768K, 99% used [0x00000000eaa00000,0x00000000ec9fe790,0x00000000eca00000)
  to   space 45056K, 0% used [0x00000000eec80000,0x00000000eec80000,0x00000000f1880000)
 ParOldGen       total 156160K, used 68437K [0x00000000a0000000, 0x00000000a9880000, 0x00000000e0000000)
  object space 156160K, 43% used [0x00000000a0000000,0x00000000a42d5748,0x00000000a9880000)
 Metaspace       used 66150K, capacity 68061K, committed 68184K, reserved 1107968K
  class space    used 8740K, capacity 9224K, committed 9344K, reserved 1048576K
}

