# JRE version: OpenJDK Runtime Environment (8.0_152-b02) (build 1.8.0_152-release-1024-b02)
# Java VM: OpenJDK 64-Bit Server VM (25.152-b02 mixed mode windows-amd64 compressed oops)
Heap:
 PSYoungGen      total 388608K, used 331696K [0x00000000e0000000, 0x00000000fd100000, 0x0000000100000000)
  eden space 346624K, 95% used [0x00000000e0000000,0x00000000f42a1d28,0x00000000f5280000)
  from space 41984K, 3% used [0x00000000f5280000,0x00000000f53ca388,0x00000000f7b80000)
  to   space 41984K, 0% used [0x00000000fa800000,0x00000000fa800000,0x00000000fd100000)
 ParOldGen       total 154624K, used 108325K [0x00000000a0000000, 0x00000000a9700000, 0x00000000e0000000)
  object space 154624K, 70% used [0x00000000a0000000,0x00000000a69c9548,0x00000000a9700000)
 Metaspace       used 90015K, capacity 95997K, committed 96344K, reserved 1132544K
  class space    used 11236K, capacity 12297K, committed 12416K, reserved 1048576K
GC Heap History (10 events):
Event: 6471.267 GC heap before
{Heap before GC invocations=50 (full 3):
 PSYoungGen      total 310272K, used 273898K [0x00000000e0000000, 0x00000000f6000000, 0x0000000100000000)
  eden space 261120K, 99% used [0x00000000e0000000,0x00000000efe8ce60,0x00000000eff00000)
  from space 49152K, 26% used [0x00000000f3000000,0x00000000f3cedaf0,0x00000000f6000000)
  to   space 49664K, 0% used [0x00000000eff00000,0x00000000eff00000,0x00000000f2f80000)
 ParOldGen       total 154624K, used 99935K [0x00000000a0000000, 0x00000000a9700000, 0x00000000e0000000)
  object space 154624K, 64% used [0x00000000a0000000,0x00000000a6197c80,0x00000000a9700000)
 Metaspace       used 88679K, capacity 93379K, committed 93656K, reserved 1130496K
  class space    used 11033K, capacity 11924K, committed 12032K, reserved 1048576K
Event: 6471.279 GC heap after
Heap after GC invocations=50 (full 3):
 PSYoungGen      total 310784K, used 10523K [0x00000000e0000000, 0x00000000f8a00000, 0x0000000100000000)
  eden space 261120K, 0% used [0x00000000e0000000,0x00000000e0000000,0x00000000eff00000)
  from space 49664K, 21% used [0x00000000eff00000,0x00000000f0946ca8,0x00000000f2f80000)
  to   space 48128K, 0% used [0x00000000f5b00000,0x00000000f5b00000,0x00000000f8a00000)
 ParOldGen       total 154624K, used 100095K [0x00000000a0000000, 0x00000000a9700000, 0x00000000e0000000)
  object space 154624K, 64% used [0x00000000a0000000,0x00000000a61bfc80,0x00000000a9700000)
 Metaspace       used 88679K, capacity 93379K, committed 93656K, reserved 1130496K
  class space    used 11033K, capacity 11924K, committed 12032K, reserved 1048576K
}
Event: 6473.978 GC heap before
{Heap before GC invocations=51 (full 3):
 PSYoungGen      total 310784K, used 271643K [0x00000000e0000000, 0x00000000f8a00000, 0x0000000100000000)
  eden space 261120K, 100% used [0x00000000e0000000,0x00000000eff00000,0x00000000eff00000)
  from space 49664K, 21% used [0x00000000eff00000,0x00000000f0946ca8,0x00000000f2f80000)
  to   space 48128K, 0% used [0x00000000f5b00000,0x00000000f5b00000,0x00000000f8a00000)
 ParOldGen       total 154624K, used 100095K [0x00000000a0000000, 0x00000000a9700000, 0x00000000e0000000)
  object space 154624K, 64% used [0x00000000a0000000,0x00000000a61bfc80,0x00000000a9700000)
 Metaspace       used 88732K, capacity 93463K, committed 93656K, reserved 1130496K
  class space    used 11035K, capacity 11928K, committed 12032K, reserved 1048576K
Event: 6473.999 GC heap after
Heap after GC invocations=51 (full 3):
 PSYoungGen      total 346112K, used 12653K [0x00000000e0000000, 0x00000000f8380000, 0x0000000100000000)
  eden space 304640K, 0% used [0x00000000e0000000,0x00000000e0000000,0x00000000f2980000)
  from space 41472K, 30% used [0x00000000f5b00000,0x00000000f675b440,0x00000000f8380000)
  to   space 46080K, 0% used [0x00000000f2980000,0x00000000f2980000,0x00000000f5680000)
 ParOldGen       total 154624K, used 100199K [0x00000000a0000000, 0x00000000a9700000, 0x00000000e0000000)
  object space 154624K, 64% used [0x00000000a0000000,0x00000000a61d9c80,0x00000000a9700000)
 Metaspace       used 88732K, capacity 93463K, committed 93656K, reserved 1130496K
  class space    used 11035K, capacity 11928K, committed 12032K, reserved 1048576K
}
Event: 6605.950 GC heap before
{Heap before GC invocations=52 (full 3):
 PSYoungGen      total 346112K, used 317293K [0x00000000e0000000, 0x00000000f8380000, 0x0000000100000000)
  eden space 304640K, 100% used [0x00000000e0000000,0x00000000f2980000,0x00000000f2980000)
  from space 41472K, 30% used [0x00000000f5b00000,0x00000000f675b440,0x00000000f8380000)
  to   space 46080K, 0% used [0x00000000f2980000,0x00000000f2980000,0x00000000f5680000)
 ParOldGen       total 154624K, used 100199K [0x00000000a0000000, 0x00000000a9700000, 0x00000000e0000000)
  object space 154624K, 64% used [0x00000000a0000000,0x00000000a61d9c80,0x00000000a9700000)
 Metaspace       used 88868K, capacity 93663K, committed 93912K, reserved 1130496K
  class space    used 11036K, capacity 11928K, committed 12032K, reserved 1048576K
Event: 6605.978 GC heap after
Heap after GC invocations=52 (full 3):
 PSYoungGen      total 350720K, used 14042K [0x00000000e0000000, 0x00000000faa00000, 0x0000000100000000)
  eden space 304640K, 0% used [0x00000000e0000000,0x00000000e0000000,0x00000000f2980000)
  from space 46080K, 30% used [0x00000000f2980000,0x00000000f37368b8,0x00000000f5680000)
  to   space 43520K, 0% used [0x00000000f7f80000,0x00000000f7f80000,0x00000000faa00000)
 ParOldGen       total 154624K, used 101110K [0x00000000a0000000, 0x00000000a9700000, 0x00000000e0000000)
  object space 154624K, 65% used [0x00000000a0000000,0x00000000a62bda20,0x00000000a9700000)
 Metaspace       used 88868K, capacity 93663K, committed 93912K, reserved 1130496K
  class space    used 11036K, capacity 11928K, committed 12032K, reserved 1048576K
}
Event: 6606.968 GC heap before
{Heap before GC invocations=53 (full 3):
 PSYoungGen      total 350720K, used 317708K [0x00000000e0000000, 0x00000000faa00000, 0x0000000100000000)
  eden space 304640K, 99% used [0x00000000e0000000,0x00000000f288cae0,0x00000000f2980000)
  from space 46080K, 30% used [0x00000000f2980000,0x00000000f37368b8,0x00000000f5680000)
  to   space 43520K, 0% used [0x00000000f7f80000,0x00000000f7f80000,0x00000000faa00000)
 ParOldGen       total 154624K, used 101110K [0x00000000a0000000, 0x00000000a9700000, 0x00000000e0000000)
  object space 154624K, 65% used [0x00000000a0000000,0x00000000a62bda20,0x00000000a9700000)
 Metaspace       used 88876K, capacity 93663K, committed 93912K, reserved 1130496K
  class space    used 11036K, capacity 11928K, committed 12032K, reserved 1048576K
Event: 6606.984 GC heap after
Heap after GC invocations=53 (full 3):
 PSYoungGen      total 384512K, used 12896K [0x00000000e0000000, 0x00000000fa480000, 0x0000000100000000)
  eden space 346624K, 0% used [0x00000000e0000000,0x00000000e0000000,0x00000000f5280000)
  from space 37888K, 34% used [0x00000000f7f80000,0x00000000f8c18050,0x00000000fa480000)
  to   space 41984K, 0% used [0x00000000f5280000,0x00000000f5280000,0x00000000f7b80000)
 ParOldGen       total 154624K, used 101126K [0x00000000a0000000, 0x00000000a9700000, 0x00000000e0000000)
  object space 154624K, 65% used [0x00000000a0000000,0x00000000a62c1a20,0x00000000a9700000)
 Metaspace       used 88876K, capacity 93663K, committed 93912K, reserved 1130496K
  class space    used 11036K, capacity 11928K, committed 12032K, reserved 1048576K
}
Event: 6607.776 GC heap before
{Heap before GC invocations=54 (full 3):
 PSYoungGen      total 384512K, used 359520K [0x00000000e0000000, 0x00000000fa480000, 0x0000000100000000)
  eden space 346624K, 100% used [0x00000000e0000000,0x00000000f5280000,0x00000000f5280000)
  from space 37888K, 34% used [0x00000000f7f80000,0x00000000f8c18050,0x00000000fa480000)
  to   space 41984K, 0% used [0x00000000f5280000,0x00000000f5280000,0x00000000f7b80000)
 ParOldGen       total 154624K, used 101126K [0x00000000a0000000, 0x00000000a9700000, 0x00000000e0000000)
  object space 154624K, 65% used [0x00000000a0000000,0x00000000a62c1a20,0x00000000a9700000)
 Metaspace       used 88900K, capacity 93663K, committed 93912K, reserved 1130496K
  class space    used 11036K, capacity 11928K, committed 12032K, reserved 1048576K
Event: 6607.789 GC heap after
Heap after GC invocations=54 (full 3):
 PSYoungGen      total 388608K, used 1320K [0x00000000e0000000, 0x00000000fd100000, 0x0000000100000000)
  eden space 346624K, 0% used [0x00000000e0000000,0x00000000e0000000,0x00000000f5280000)
  from space 41984K, 3% used [0x00000000f5280000,0x00000000f53ca388,0x00000000f7b80000)
  to   space 41984K, 0% used [0x00000000fa800000,0x00000000fa800000,0x00000000fd100000)
 ParOldGen       total 154624K, used 108325K [0x00000000a0000000, 0x00000000a9700000, 0x00000000e0000000)
  object space 154624K, 70% used [0x00000000a0000000,0x00000000a69c9548,0x00000000a9700000)
 Metaspace       used 88900K, capacity 93663K, committed 93912K, reserved 1130496K
  class space    used 11036K, capacity 11928K, committed 12032K, reserved 1048576K
}

